mode: set
api/features/book/services/service.go:23.44,28.2 1 1
api/features/book/services/service.go:30.81,32.17 2 1
api/features/book/services/service.go:36.2,37.16 2 1
api/features/book/services/service.go:44.2,45.16 2 1
api/features/book/services/service.go:55.2,55.17 1 1
api/features/book/services/service.go:32.17,34.3 1 1
api/features/book/services/service.go:37.16,38.59 1 1
api/features/book/services/service.go:41.3,41.53 1 1
api/features/book/services/service.go:38.59,40.4 1 0
api/features/book/services/service.go:45.16,47.49 2 1
api/features/book/services/service.go:52.3,52.38 1 1
api/features/book/services/service.go:47.49,49.4 1 1
api/features/book/services/service.go:49.9,51.4 1 1
api/features/book/services/service.go:59.67,61.17 2 0
api/features/book/services/service.go:65.2,67.17 2 0
api/features/book/services/service.go:61.17,63.3 1 0
api/features/book/services/service.go:69.100,71.74 1 0
api/features/book/services/service.go:75.2,77.16 2 0
api/features/book/services/service.go:87.2,87.26 1 0
api/features/book/services/service.go:71.74,73.3 1 0
api/features/book/services/service.go:77.16,79.49 2 0
api/features/book/services/service.go:84.3,84.38 1 0
api/features/book/services/service.go:79.49,81.4 1 0
api/features/book/services/service.go:81.9,83.4 1 0
api/features/book/services/service.go:91.51,95.16 3 0
api/features/book/services/service.go:105.2,105.17 1 0
api/features/book/services/service.go:95.16,97.49 2 0
api/features/book/services/service.go:102.3,102.40 1 0
api/features/book/services/service.go:97.49,99.4 1 0
api/features/book/services/service.go:99.9,101.4 1 0
api/features/book/services/service.go:107.64,109.17 2 0
api/features/book/services/service.go:113.2,114.16 2 0
api/features/book/services/service.go:124.2,124.12 1 0
api/features/book/services/service.go:109.17,111.3 1 0
api/features/book/services/service.go:114.16,116.49 2 0
api/features/book/services/service.go:122.3,122.25 1 0
api/features/book/services/service.go:116.49,118.4 1 0
api/features/book/services/service.go:118.9,121.4 1 0
api/features/user/services/service.go:18.45,23.2 1 1
api/features/user/services/service.go:25.82,27.16 2 1
api/features/user/services/service.go:37.2,37.69 1 1
api/features/user/services/service.go:43.2,45.24 2 1
api/features/user/services/service.go:27.16,29.49 2 1
api/features/user/services/service.go:34.3,34.42 1 1
api/features/user/services/service.go:29.49,31.4 1 1
api/features/user/services/service.go:31.9,33.4 1 0
api/features/user/services/service.go:37.69,40.3 2 1
api/features/user/services/service.go:48.72,50.16 2 0
api/features/user/services/service.go:54.2,56.16 3 0
api/features/user/services/service.go:66.2,66.17 1 0
api/features/user/services/service.go:50.16,53.3 2 0
api/features/user/services/service.go:56.16,58.50 2 0
api/features/user/services/service.go:63.3,63.38 1 0
api/features/user/services/service.go:58.50,60.4 1 0
api/features/user/services/service.go:60.9,62.4 1 0
api/features/user/services/service.go:68.71,70.13 2 1
api/features/user/services/service.go:73.2,74.16 2 1
api/features/user/services/service.go:83.2,83.17 1 1
api/features/user/services/service.go:70.13,72.3 1 1
api/features/user/services/service.go:74.16,76.49 2 1
api/features/user/services/service.go:81.3,81.38 1 1
api/features/user/services/service.go:76.49,78.4 1 1
api/features/user/services/service.go:78.9,80.4 1 1
api/features/user/services/service.go:86.82,88.16 2 0
api/features/user/services/service.go:92.2,94.16 3 0
api/features/user/services/service.go:103.2,103.17 1 0
api/features/user/services/service.go:88.16,91.3 2 0
api/features/user/services/service.go:94.16,96.49 2 0
api/features/user/services/service.go:101.3,101.38 1 0
api/features/user/services/service.go:96.49,98.4 1 0
api/features/user/services/service.go:98.9,100.4 1 0
api/features/user/services/service.go:107.62,109.16 2 0
api/features/user/services/service.go:116.2,116.18 1 0
api/features/user/services/service.go:109.16,111.49 2 0
api/features/user/services/service.go:114.3,114.38 1 0
api/features/user/services/service.go:111.49,113.4 1 0
